Flow report for adder2
Fri May 05 11:04:18 2023
Quartus Prime Version 18.1.0 Build 625 09/12/2018 SJ Lite Edition


---------------------
; Table of Contents ;
---------------------
  1. Legal Notice
  2. Flow Summary
  3. Flow Settings
  4. Flow Non-Default Global Settings
  5. Flow Elapsed Time
  6. Flow OS Summary
  7. Flow Log
  8. Flow Messages
  9. Flow Suppressed Messages



----------------
; Legal Notice ;
----------------
Copyright (C) 2018  Intel Corporation. All rights reserved.
Your use of Intel Corporation's design tools, logic functions 
and other software and tools, and its AMPP partner logic 
functions, and any output files from any of the foregoing 
(including device programming or simulation files), and any 
associated documentation or information are expressly subject 
to the terms and conditions of the Intel Program License 
Subscription Agreement, the Intel Quartus Prime License Agreement,
the Intel FPGA IP License Agreement, or other applicable license
agreement, including, without limitation, that your use is for
the sole purpose of programming logic devices manufactured by
Intel and sold by Intel or its authorized distributors.  Please
refer to the applicable agreement for further details.



+----------------------------------------------------------------------------------+
; Flow Summary                                                                     ;
+------------------------------------+---------------------------------------------+
; Flow Status                        ; Successful - Fri May 05 11:04:18 2023       ;
; Quartus Prime Version              ; 18.1.0 Build 625 09/12/2018 SJ Lite Edition ;
; Revision Name                      ; adder2                                      ;
; Top-level Entity Name              ; AstroFighters                               ;
; Family                             ; MAX 10                                      ;
; Device                             ; 10M50DAF484C7G                              ;
; Timing Models                      ; Final                                       ;
; Total logic elements               ; 5,614 / 49,760 ( 11 % )                     ;
;     Total combinational functions  ; 4,904 / 49,760 ( 10 % )                     ;
;     Dedicated logic registers      ; 2,951 / 49,760 ( 6 % )                      ;
; Total registers                    ; 3020                                        ;
; Total pins                         ; 141 / 360 ( 39 % )                          ;
; Total virtual pins                 ; 0                                           ;
; Total memory bits                  ; 11,648 / 1,677,312 ( < 1 % )                ;
; Embedded Multiplier 9-bit elements ; 0 / 288 ( 0 % )                             ;
; Total PLLs                         ; 1 / 4 ( 25 % )                              ;
; UFM blocks                         ; 0 / 1 ( 0 % )                               ;
; ADC blocks                         ; 0 / 2 ( 0 % )                               ;
+------------------------------------+---------------------------------------------+


+-----------------------------------------+
; Flow Settings                           ;
+-------------------+---------------------+
; Option            ; Setting             ;
+-------------------+---------------------+
; Start date & time ; 05/05/2023 11:03:06 ;
; Main task         ; Compilation         ;
; Revision Name     ; adder2              ;
+-------------------+---------------------+


+----------------------------------------------------------------------------------------------------------------------------------------------------------+
; Flow Non-Default Global Settings                                                                                                                         ;
+-------------------------------------+-------------------------------------------------------------+---------------+-------------------+------------------+
; Assignment Name                     ; Value                                                       ; Default Value ; Entity Name       ; Section Id       ;
+-------------------------------------+-------------------------------------------------------------+---------------+-------------------+------------------+
; COMPILER_SIGNATURE_ID               ; 137118558507613.168330258541060                             ; --            ; --                ; --               ;
; EDA_OUTPUT_DATA_FORMAT              ; Systemverilog Hdl                                           ; --            ; --                ; eda_simulation   ;
; EDA_SIMULATION_TOOL                 ; ModelSim-Altera (SystemVerilog)                             ; <None>        ; --                ; --               ;
; EDA_TIME_SCALE                      ; 1 ps                                                        ; --            ; --                ; eda_simulation   ;
; ENABLE_SIGNALTAP                    ; On                                                          ; --            ; --                ; --               ;
; FLOW_ENABLE_POWER_ANALYZER          ; On                                                          ; Off           ; --                ; --               ;
; MAX_CORE_JUNCTION_TEMP              ; 85                                                          ; --            ; --                ; --               ;
; MIN_CORE_JUNCTION_TEMP              ; 0                                                           ; --            ; --                ; --               ;
; MISC_FILE                           ; lab62_soc/synthesis/../lab62_soc.cmp                        ; --            ; --                ; --               ;
; MISC_FILE                           ; lab62_soc/synthesis/../../lab62_soc.qsys                    ; --            ; --                ; --               ;
; OUTPUT_IO_TIMING_FAR_END_VMEAS      ; Half Signal Swing                                           ; --            ; --                ; --               ;
; OUTPUT_IO_TIMING_FAR_END_VMEAS      ; Half Signal Swing                                           ; --            ; --                ; --               ;
; OUTPUT_IO_TIMING_NEAR_END_VMEAS     ; Half Vccio                                                  ; --            ; --                ; --               ;
; OUTPUT_IO_TIMING_NEAR_END_VMEAS     ; Half Vccio                                                  ; --            ; --                ; --               ;
; PARTITION_COLOR                     ; -- (Not supported for targeted family)                      ; --            ; AstroFighters     ; Top              ;
; PARTITION_COLOR                     ; -- (Not supported for targeted family)                      ; --            ; DE10_LITE_Default ; Top              ;
; PARTITION_FITTER_PRESERVATION_LEVEL ; -- (Not supported for targeted family)                      ; --            ; AstroFighters     ; Top              ;
; PARTITION_FITTER_PRESERVATION_LEVEL ; -- (Not supported for targeted family)                      ; --            ; DE10_LITE_Default ; Top              ;
; PARTITION_NETLIST_TYPE              ; -- (Not supported for targeted family)                      ; --            ; AstroFighters     ; Top              ;
; PARTITION_NETLIST_TYPE              ; -- (Not supported for targeted family)                      ; --            ; DE10_LITE_Default ; Top              ;
; POWER_BOARD_THERMAL_MODEL           ; None (CONSERVATIVE)                                         ; --            ; --                ; --               ;
; POWER_DEFAULT_INPUT_IO_TOGGLE_RATE  ; 12.5 %                                                      ; 12.5%         ; --                ; --               ;
; POWER_PRESET_COOLING_SOLUTION       ; 23 MM HEAT SINK WITH 200 LFPM AIRFLOW                       ; --            ; --                ; --               ;
; PROJECT_OUTPUT_DIRECTORY            ; output_files                                                ; --            ; --                ; --               ;
; SLD_FILE                            ; lab62_soc/synthesis/lab62_soc.regmap                        ; --            ; --                ; --               ;
; SLD_FILE                            ; lab62_soc/synthesis/lab62_soc.debuginfo                     ; --            ; --                ; --               ;
; SLD_FILE                            ; db/stp1_auto_stripped.stp                                   ; --            ; --                ; --               ;
; SLD_INFO                            ; QSYS_NAME lab62_soc HAS_SOPCINFO 1 GENERATION_ID 1683231690 ; --            ; lab62_soc         ; --               ;
; SLD_NODE_CREATOR_ID                 ; 110                                                         ; --            ; --                ; auto_signaltap_0 ;
; SLD_NODE_ENTITY_NAME                ; sld_signaltap                                               ; --            ; --                ; auto_signaltap_0 ;
; SLD_NODE_PARAMETER_ASSIGNMENT       ; SLD_RAM_BLOCK_TYPE=AUTO                                     ; --            ; --                ; auto_signaltap_0 ;
; SLD_NODE_PARAMETER_ASSIGNMENT       ; SLD_DATA_BITS=2                                             ; --            ; --                ; auto_signaltap_0 ;
; SLD_NODE_PARAMETER_ASSIGNMENT       ; SLD_TRIGGER_BITS=1                                          ; --            ; --                ; auto_signaltap_0 ;
; SLD_NODE_PARAMETER_ASSIGNMENT       ; SLD_STORAGE_QUALIFIER_BITS=2                                ; --            ; --                ; auto_signaltap_0 ;
; SLD_NODE_PARAMETER_ASSIGNMENT       ; SLD_NODE_INFO=805334528                                     ; --            ; --                ; auto_signaltap_0 ;
; SLD_NODE_PARAMETER_ASSIGNMENT       ; SLD_POWER_UP_TRIGGER=0                                      ; --            ; --                ; auto_signaltap_0 ;
; SLD_NODE_PARAMETER_ASSIGNMENT       ; SLD_INVERSION_MASK=000000000000000000000000                 ; --            ; --                ; auto_signaltap_0 ;
; SLD_NODE_PARAMETER_ASSIGNMENT       ; SLD_INVERSION_MASK_LENGTH=24                                ; --            ; --                ; auto_signaltap_0 ;
; SLD_NODE_PARAMETER_ASSIGNMENT       ; SLD_STORAGE_QUALIFIER_INVERSION_MASK_LENGTH=0               ; --            ; --                ; auto_signaltap_0 ;
; SLD_NODE_PARAMETER_ASSIGNMENT       ; SLD_SEGMENT_SIZE=128                                        ; --            ; --                ; auto_signaltap_0 ;
; SLD_NODE_PARAMETER_ASSIGNMENT       ; SLD_ATTRIBUTE_MEM_MODE=OFF                                  ; --            ; --                ; auto_signaltap_0 ;
; SLD_NODE_PARAMETER_ASSIGNMENT       ; SLD_STATE_FLOW_USE_GENERATED=0                              ; --            ; --                ; auto_signaltap_0 ;
; SLD_NODE_PARAMETER_ASSIGNMENT       ; SLD_STATE_BITS=11                                           ; --            ; --                ; auto_signaltap_0 ;
; SLD_NODE_PARAMETER_ASSIGNMENT       ; SLD_BUFFER_FULL_STOP=1                                      ; --            ; --                ; auto_signaltap_0 ;
; SLD_NODE_PARAMETER_ASSIGNMENT       ; SLD_CURRENT_RESOURCE_WIDTH=1                                ; --            ; --                ; auto_signaltap_0 ;
; SLD_NODE_PARAMETER_ASSIGNMENT       ; SLD_INCREMENTAL_ROUTING=1                                   ; --            ; --                ; auto_signaltap_0 ;
; SLD_NODE_PARAMETER_ASSIGNMENT       ; SLD_TRIGGER_LEVEL=1                                         ; --            ; --                ; auto_signaltap_0 ;
; SLD_NODE_PARAMETER_ASSIGNMENT       ; SLD_SAMPLE_DEPTH=128                                        ; --            ; --                ; auto_signaltap_0 ;
; SLD_NODE_PARAMETER_ASSIGNMENT       ; SLD_TRIGGER_IN_ENABLED=0                                    ; --            ; --                ; auto_signaltap_0 ;
; SLD_NODE_PARAMETER_ASSIGNMENT       ; SLD_TRIGGER_PIPELINE=0                                      ; --            ; --                ; auto_signaltap_0 ;
; SLD_NODE_PARAMETER_ASSIGNMENT       ; SLD_RAM_PIPELINE=0                                          ; --            ; --                ; auto_signaltap_0 ;
; SLD_NODE_PARAMETER_ASSIGNMENT       ; SLD_COUNTER_PIPELINE=0                                      ; --            ; --                ; auto_signaltap_0 ;
; SLD_NODE_PARAMETER_ASSIGNMENT       ; SLD_ADVANCED_TRIGGER_ENTITY=basic,1,                        ; --            ; --                ; auto_signaltap_0 ;
; SLD_NODE_PARAMETER_ASSIGNMENT       ; SLD_TRIGGER_LEVEL_PIPELINE=1                                ; --            ; --                ; auto_signaltap_0 ;
; SLD_NODE_PARAMETER_ASSIGNMENT       ; SLD_ENABLE_ADVANCED_TRIGGER=0                               ; --            ; --                ; auto_signaltap_0 ;
; SOPCINFO_FILE                       ; lab62_soc/synthesis/../../lab62_soc.sopcinfo                ; --            ; --                ; --               ;
; SYNTHESIS_ONLY_QIP                  ; On                                                          ; --            ; --                ; --               ;
; TOP_LEVEL_ENTITY                    ; AstroFighters                                               ; adder2        ; --                ; --               ;
; USE_SIGNALTAP_FILE                  ; stp1.stp                                                    ; --            ; --                ; --               ;
+-------------------------------------+-------------------------------------------------------------+---------------+-------------------+------------------+


+--------------------------------------------------------------------------------------------------------------------------+
; Flow Elapsed Time                                                                                                        ;
+----------------------+--------------+-------------------------+---------------------+------------------------------------+
; Module Name          ; Elapsed Time ; Average Processors Used ; Peak Virtual Memory ; Total CPU Time (on all processors) ;
+----------------------+--------------+-------------------------+---------------------+------------------------------------+
; Analysis & Synthesis ; 00:00:32     ; 1.0                     ; 2102213 MB          ; 00:00:18                           ;
; Fitter               ; 00:00:18     ; 1.8                     ; 2103692 MB          ; 00:00:18                           ;
; Assembler            ; 00:00:03     ; 1.0                     ; 2101863 MB          ; 00:00:01                           ;
; Power Analyzer       ; 00:00:04     ; 3.1                     ; 2102225 MB          ; 00:00:07                           ;
; Timing Analyzer      ; 00:00:04     ; 3.5                     ; 2102176 MB          ; 00:00:08                           ;
; EDA Netlist Writer   ; 00:00:02     ; 1.0                     ; 2101903 MB          ; 00:00:01                           ;
; Total                ; 00:01:03     ; --                      ; --                  ; 00:00:53                           ;
+----------------------+--------------+-------------------------+---------------------+------------------------------------+


+------------------------------------------------------------------------------------+
; Flow OS Summary                                                                    ;
+----------------------+------------------+------------+------------+----------------+
; Module Name          ; Machine Hostname ; OS Name    ; OS Version ; Processor type ;
+----------------------+------------------+------------+------------+----------------+
; Analysis & Synthesis ; JayNathan        ; Windows 10 ; 10.0       ; x86_64         ;
; Fitter               ; JayNathan        ; Windows 10 ; 10.0       ; x86_64         ;
; Assembler            ; JayNathan        ; Windows 10 ; 10.0       ; x86_64         ;
; Power Analyzer       ; JayNathan        ; Windows 10 ; 10.0       ; x86_64         ;
; Timing Analyzer      ; JayNathan        ; Windows 10 ; 10.0       ; x86_64         ;
; EDA Netlist Writer   ; JayNathan        ; Windows 10 ; 10.0       ; x86_64         ;
+----------------------+------------------+------------+------------+----------------+


------------
; Flow Log ;
------------
quartus_map --read_settings_files=on --write_settings_files=off adder2 -c adder2
quartus_fit --read_settings_files=off --write_settings_files=off adder2 -c adder2
quartus_asm --read_settings_files=off --write_settings_files=off adder2 -c adder2
quartus_pow --read_settings_files=off --write_settings_files=off adder2 -c adder2
quartus_sta adder2 -c adder2
quartus_eda --read_settings_files=off --write_settings_files=off adder2 -c adder2



